 ---------------------------------------------------------------------------------------------------------------------------------- 
|                                          Memory leak report for:  03/11/2021 17:46:07                                            |
 ---------------------------------------------------------------------------------------------------------------------------------- 


21 memory leaks found:

Alloc.   Addr       Size       Addr       Size                        BreakOn BreakOn              
Number Reported   Reported    Actual     Actual     Unused    Method  Dealloc Realloc Allocated by 
------ ---------- ---------- ---------- ---------- ---------- -------- ------- ------- --------------------------------------------------- 
163875 0x10DC17B8 0x00000028 0x10DC17A8 0x00000048 0x00000000 new         N       N    GameObject.cpp(00764)::GameObject::CreateUIElement
155810 0x10BF2F80 0x00000004 0x10BF2F70 0x00000024 0x00000000 new         N       N    M_Physics.cpp(00093)::M_Physics::Start
155779 0x10FB3420 0x00000682 0x10FB3410 0x000006A2 0x00000000 new[]       N       N    M_FileSystem.cpp(00606)::M_FileSystem::Load
000036 0x00FD3BF0 0x0000003C 0x00FD3BE0 0x0000005C 0x00000000 new[]       N       N    M_Input.cpp(00034)::M_Input::M_Input
168553 0x0A4D44F8 0x00000034 0x0A4D44E8 0x00000054 0x00000000 new         N       N    C_Light.cpp(00012)::C_Light::C_Light
168965 0x0A4D4FF8 0x00000034 0x0A4D4FE8 0x00000054 0x00000000 new         N       N    C_Light.cpp(00012)::C_Light::C_Light
164351 0x0A4D52F8 0x00000034 0x0A4D52E8 0x00000054 0x00000000 new         N       N    C_Light.cpp(00012)::C_Light::C_Light
168963 0x0A456400 0x00000060 0x0A4563F0 0x00000080 0x00000060 new[]       N       N    GameObject.cpp(00062)::GameObject::GameObject
168962 0x0A456AE0 0x00000060 0x0A456AD0 0x00000080 0x00000060 new[]       N       N    GameObject.cpp(00061)::GameObject::GameObject
164648 0x0AB471E8 0x0000000C 0x0AB471D8 0x0000002C 0x00000000 new         N       N    ??(00000)::??
168956 0x10D2A580 0x000000B8 0x10D2A570 0x000000D8 0x00000004 new         N       N    M_Scene.cpp(00380)::M_Scene::LoadScene
168958 0x0AB4B548 0x00000008 0x0AB4B538 0x00000028 0x00000000 new         N       N    ??(00000)::??
168957 0x0AB4B6A8 0x00000008 0x0AB4B698 0x00000028 0x00000000 new         N       N    ??(00000)::??
168966 0x0AB4BA70 0x00000008 0x0AB4BA60 0x00000028 0x00000000 new         N       N    ??(00000)::??
168959 0x0AB4BC80 0x00000008 0x0AB4BC70 0x00000028 0x00000000 new         N       N    ??(00000)::??
169220 0x0AB4C9E8 0x0000000C 0x0AB4C9D8 0x0000002C 0x00000000 new         N       N    ??(00000)::??
000038 0x0102CE50 0x00000010 0x0102CE40 0x00000030 0x00000000 new[]       N       N    M_Input.cpp(00040)::M_Input::M_Input
347955 0x10DDD008 0x00000070 0x10DDCFF8 0x00000090 0x00000008 new         N       N    ??(00000)::??
168964 0x10AAE048 0x00000018 0x10AAE038 0x00000038 0x00000000 new         N       N    GameObject.cpp(00193)::GameObject::LoadState
168960 0x0479E250 0x000000C8 0x0479E240 0x000000E8 0x00000000 new         N       N    GameObject.cpp(00681)::GameObject::CreateComponent
000037 0x0101F830 0x00000008 0x0101F820 0x00000028 0x00000000 new[]       N       N    M_Input.cpp(00037)::M_Input::M_Input
